[2024-10-21 15:26:31,884] multiqc                                            [DEBUG  ]  This is MultiQC v1.14
[2024-10-21 15:26:31,884] multiqc                                            [DEBUG  ]  Command used: /home/sam/programs/mambaforge/bin/multiqc /home/shared/8TB_HDD_02/stanja/sarahtanja/coral-embryo-leachate/output/03_qaqc/clean_reads_fastqc -o /home/shared/8TB_HDD_02/stanja/sarahtanja/coral-embryo-leachate/output/03_qaqc/clean_reads_fastqc
[2024-10-21 15:26:32,606] multiqc                                            [WARNING]  MultiQC Version v1.25.1 now available!
[2024-10-21 15:26:32,606] multiqc                                            [DEBUG  ]  Working dir : /home/shared/8TB_HDD_02/stanja/sarahtanja/coral-embryo-leachate/code
[2024-10-21 15:26:32,607] multiqc                                            [DEBUG  ]  Template    : default
[2024-10-21 15:26:32,607] multiqc                                            [DEBUG  ]  Running Python 3.10.10 | packaged by conda-forge | (main, Mar 24 2023, 20:08:06) [GCC 11.3.0]
[2024-10-21 15:26:32,608] multiqc                                            [DEBUG  ]  Analysing modules: custom_content, ccs, ngsderive, purple, conpair, lima, peddy, somalier, methylQA, mosdepth, phantompeakqualtools, qualimap, preseq, hifiasm, quast, qorts, rna_seqc, rockhopper, rsem, rseqc, busco, bustools, goleft_indexcov, gffcompare, disambiguate, supernova, deeptools, sargasso, verifybamid, mirtrace, happy, mirtop, sambamba, gopeaks, homer, hops, macs2, theta2, snpeff, gatk, htseq, bcftools, featureCounts, fgbio, dragen, dragen_fastqc, dedup, pbmarkdup, damageprofiler, biobambam2, jcvi, mtnucratio, picard, vep, sentieon, prokka, qc3C, nanostat, samblaster, samtools, sexdeterrmine, eigenstratdatabasetools, bamtools, jellyfish, vcftools, longranger, stacks, varscan2, snippy, umitools, bbmap, bismark, biscuit, diamond, hicexplorer, hicup, hicpro, salmon, kallisto, slamdunk, star, hisat2, tophat, bowtie2, bowtie1, cellranger, snpsplit, odgi, pangolin, nextclade, humid, kat, leehom, adapterRemoval, bbduk, clipandmerge, cutadapt, flexbar, kaiju, kraken, malt, motus, trimmomatic, sickle, skewer, sortmerna, biobloomtools, fastq_screen, afterqc, fastp, fastqc, filtlong, prinseqplusplus, pychopper, porechop, pycoqc, minionqc, anglerfish, multivcfanalyzer, clusterflow, checkqc, bcl2fastq, bclconvert, interop, ivar, flash, seqyclean, optitype, whatshap
[2024-10-21 15:26:32,608] multiqc                                            [DEBUG  ]  Using temporary directory for creating report: /tmp/tmpcg_iw36r
[2024-10-21 15:26:32,752] multiqc                                            [INFO   ]  Search path : /home/shared/8TB_HDD_02/stanja/sarahtanja/coral-embryo-leachate/output/03_qaqc/clean_reads_fastqc
[2024-10-21 15:26:36,169] multiqc                                            [DEBUG  ]  Summary of files that were skipped by the search: [skipped_module_specific_max_filesize: 1386] // [skipped_no_match: 126]
[2024-10-21 15:26:36,478] multiqc.plots.bargraph                             [DEBUG  ]  Using matplotlib version 3.7.1
[2024-10-21 15:26:36,479] multiqc.plots.linegraph                            [DEBUG  ]  Using matplotlib version 3.7.1
[2024-10-21 15:26:36,479] multiqc                                            [DEBUG  ]  No samples found: custom_content
[2024-10-21 15:26:46,380] multiqc.modules.fastqc.fastqc                      [INFO   ]  Found 126 reports
[2024-10-21 15:26:54,012] multiqc                                            [INFO   ]  Compressing plot data
[2024-10-21 15:26:54,037] multiqc                                            [INFO   ]  Report      : ../output/03_qaqc/clean_reads_fastqc/multiqc_report.html
[2024-10-21 15:26:54,037] multiqc                                            [INFO   ]  Data        : ../output/03_qaqc/clean_reads_fastqc/multiqc_data
[2024-10-21 15:26:54,037] multiqc                                            [DEBUG  ]  Moving data file from '/tmp/tmpcg_iw36r/multiqc_data' to '/home/shared/8TB_HDD_02/stanja/sarahtanja/coral-embryo-leachate/output/03_qaqc/clean_reads_fastqc/multiqc_data'
[2024-10-21 15:26:54,140] multiqc                                            [INFO   ]  MultiQC complete
[2024-10-21 15:26:54,140] multiqc                                            [WARNING]  9 flat-image plots used in the report due to large sample numbers
